  [1m[36m (1.2ms)[0m  [1mCREATE TABLE "schema_migrations" ("version" varchar NOT NULL) [0m
  [1m[35m (0.1ms)[0m  select sqlite_version(*)
  [1m[36m (0.9ms)[0m  [1mCREATE UNIQUE INDEX "unique_schema_migrations" ON "schema_migrations" ("version")[0m
  [1m[35mActiveRecord::SchemaMigration Load (0.1ms)[0m  SELECT "schema_migrations".* FROM "schema_migrations"
  [1m[36mActiveRecord::SchemaMigration Load (0.1ms)[0m  [1mSELECT "schema_migrations".* FROM "schema_migrations"[0m
Migrating to CreateArticles (20160314123919)
  [1m[35m (0.1ms)[0m  begin transaction
  [1m[36m (0.5ms)[0m  [1mCREATE TABLE "articles" ("id" INTEGER PRIMARY KEY AUTOINCREMENT NOT NULL, "title" varchar, "body" text, "created_at" datetime NOT NULL, "updated_at" datetime NOT NULL) [0m
  [1m[35mSQL (0.2ms)[0m  INSERT INTO "schema_migrations" ("version") VALUES (?)  [["version", "20160314123919"]]
  [1m[36m (0.9ms)[0m  [1mcommit transaction[0m
  [1m[35mActiveRecord::SchemaMigration Load (0.3ms)[0m  SELECT "schema_migrations".* FROM "schema_migrations"
  [1m[36m (0.2ms)[0m  [1mbegin transaction[0m
  [1m[35mSQL (0.5ms)[0m  INSERT INTO "articles" ("title", "body", "created_at", "updated_at") VALUES (?, ?, ?, ?)  [["title", "Title 1"], ["body", "Dummy text 1 blah"], ["created_at", "2016-03-14 17:36:16.463527"], ["updated_at", "2016-03-14 17:36:16.463527"]]
  [1m[36m (0.9ms)[0m  [1mcommit transaction[0m


Started GET "/articles" for ::1 at 2016-03-14 13:36:58 -0400
  [1m[36mActiveRecord::SchemaMigration Load (0.1ms)[0m  [1mSELECT "schema_migrations".* FROM "schema_migrations"[0m
Processing by ArticlesController#index as HTML
  [1m[35mArticle Load (0.2ms)[0m  SELECT "articles".* FROM "articles"
  Rendered articles/index.html.erb within layouts/application (11.7ms)
Completed 200 OK in 2381ms (Views: 2363.0ms | ActiveRecord: 0.5ms)


Started GET "/articles" for ::1 at 2016-03-14 13:37:01 -0400
Processing by ArticlesController#index as HTML
  [1m[36mArticle Load (0.2ms)[0m  [1mSELECT "articles".* FROM "articles"[0m
  Rendered articles/index.html.erb within layouts/application (1.6ms)
Completed 200 OK in 39ms (Views: 37.6ms | ActiveRecord: 0.2ms)


Started GET "/assets/articles.self-e3b0c44298fc1c149afbf4c8996fb92427ae41e4649b934ca495991b7852b855.css?body=1" for ::1 at 2016-03-14 13:37:01 -0400


Started GET "/assets/jquery.self-660adc51e0224b731d29f575a6f1ec167ba08ad06ed5deca4f1e8654c135bf4c.js?body=1" for ::1 at 2016-03-14 13:37:01 -0400


Started GET "/assets/articles.self-877aef30ae1b040ab8a3aba4e3e309a11d7f2612f44dde450b5c157aa5f95c05.js?body=1" for ::1 at 2016-03-14 13:37:01 -0400


Started GET "/assets/jquery_ujs.self-e87806d0cf4489aeb1bb7288016024e8de67fd18db693fe026fe3907581e53cd.js?body=1" for ::1 at 2016-03-14 13:37:01 -0400


Started GET "/articles" for ::1 at 2016-03-14 13:37:46 -0400
Processing by ArticlesController#index as HTML
  [1m[35mArticle Load (0.2ms)[0m  SELECT "articles".* FROM "articles"
  Rendered articles/index.html.erb within layouts/application (2.1ms)
Completed 200 OK in 30ms (Views: 28.9ms | ActiveRecord: 0.2ms)


Started GET "/assets/articles.self-e3b0c44298fc1c149afbf4c8996fb92427ae41e4649b934ca495991b7852b855.css?body=1" for ::1 at 2016-03-14 13:37:46 -0400


Started GET "/assets/jquery.self-660adc51e0224b731d29f575a6f1ec167ba08ad06ed5deca4f1e8654c135bf4c.js?body=1" for ::1 at 2016-03-14 13:37:46 -0400


Started GET "/assets/application.self-e80e8f2318043e8af94dddc2adad5a4f09739a8ebb323b3ab31cd71d45fd9113.css?body=1" for ::1 at 2016-03-14 13:37:46 -0400


Started GET "/assets/turbolinks.self-c37727e9bd6b2735da5c311aa83fead54ed0be6cc8bd9a65309e9c5abe2cbfff.js?body=1" for ::1 at 2016-03-14 13:37:46 -0400


Started GET "/assets/jquery_ujs.self-e87806d0cf4489aeb1bb7288016024e8de67fd18db693fe026fe3907581e53cd.js?body=1" for ::1 at 2016-03-14 13:37:46 -0400


Started GET "/assets/articles.self-877aef30ae1b040ab8a3aba4e3e309a11d7f2612f44dde450b5c157aa5f95c05.js?body=1" for ::1 at 2016-03-14 13:37:46 -0400


Started GET "/assets/application.self-3b8dabdc891efe46b9a144b400ad69e37d7e5876bdc39dee783419a69d7ca819.js?body=1" for ::1 at 2016-03-14 13:37:46 -0400


Started GET "/articles/1" for ::1 at 2016-03-14 13:37:50 -0400
Processing by ArticlesController#show as HTML
  Parameters: {"id"=>"1"}
  [1m[36mArticle Load (0.2ms)[0m  [1mSELECT  "articles".* FROM "articles" WHERE "articles"."id" = ? LIMIT 1[0m  [["id", 1]]
  Rendered articles/show.html.erb within layouts/application (0.7ms)
Completed 200 OK in 57ms (Views: 29.9ms | ActiveRecord: 0.2ms)


Started GET "/articles" for ::1 at 2016-03-14 13:39:50 -0400
Processing by ArticlesController#index as HTML
  [1m[35mArticle Load (0.3ms)[0m  SELECT "articles".* FROM "articles"
  Rendered articles/index.html.erb within layouts/application (1.5ms)
Completed 200 OK in 26ms (Views: 25.0ms | ActiveRecord: 0.3ms)


Started GET "/assets/articles.self-e3b0c44298fc1c149afbf4c8996fb92427ae41e4649b934ca495991b7852b855.css?body=1" for ::1 at 2016-03-14 13:39:50 -0400


Started GET "/assets/jquery_ujs.self-e87806d0cf4489aeb1bb7288016024e8de67fd18db693fe026fe3907581e53cd.js?body=1" for ::1 at 2016-03-14 13:39:50 -0400


Started GET "/assets/application.self-e80e8f2318043e8af94dddc2adad5a4f09739a8ebb323b3ab31cd71d45fd9113.css?body=1" for ::1 at 2016-03-14 13:39:50 -0400


Started GET "/assets/jquery.self-660adc51e0224b731d29f575a6f1ec167ba08ad06ed5deca4f1e8654c135bf4c.js?body=1" for ::1 at 2016-03-14 13:39:50 -0400


Started GET "/assets/articles.self-877aef30ae1b040ab8a3aba4e3e309a11d7f2612f44dde450b5c157aa5f95c05.js?body=1" for ::1 at 2016-03-14 13:39:50 -0400


Started GET "/assets/turbolinks.self-c37727e9bd6b2735da5c311aa83fead54ed0be6cc8bd9a65309e9c5abe2cbfff.js?body=1" for ::1 at 2016-03-14 13:39:50 -0400


Started GET "/assets/application.self-3b8dabdc891efe46b9a144b400ad69e37d7e5876bdc39dee783419a69d7ca819.js?body=1" for ::1 at 2016-03-14 13:39:50 -0400


Started GET "/articles/1" for ::1 at 2016-03-14 13:39:51 -0400
Processing by ArticlesController#show as HTML
  Parameters: {"id"=>"1"}
  [1m[36mArticle Load (0.1ms)[0m  [1mSELECT  "articles".* FROM "articles" WHERE "articles"."id" = ? LIMIT 1[0m  [["id", 1]]
  Rendered articles/show.html.erb within layouts/application (0.7ms)
Completed 200 OK in 37ms (Views: 35.9ms | ActiveRecord: 0.1ms)


Started GET "/articles/1" for ::1 at 2016-03-14 13:40:43 -0400
Processing by ArticlesController#show as HTML
  Parameters: {"id"=>"1"}
  [1m[35mArticle Load (0.1ms)[0m  SELECT  "articles".* FROM "articles" WHERE "articles"."id" = ? LIMIT 1  [["id", 1]]
  Rendered articles/show.html.erb within layouts/application (0.8ms)
Completed 200 OK in 33ms (Views: 31.2ms | ActiveRecord: 0.1ms)


Started GET "/assets/jquery_ujs.self-e87806d0cf4489aeb1bb7288016024e8de67fd18db693fe026fe3907581e53cd.js?body=1" for ::1 at 2016-03-14 13:40:43 -0400


Started GET "/assets/application.self-e80e8f2318043e8af94dddc2adad5a4f09739a8ebb323b3ab31cd71d45fd9113.css?body=1" for ::1 at 2016-03-14 13:40:43 -0400


Started GET "/assets/jquery.self-660adc51e0224b731d29f575a6f1ec167ba08ad06ed5deca4f1e8654c135bf4c.js?body=1" for ::1 at 2016-03-14 13:40:43 -0400


Started GET "/assets/articles.self-e3b0c44298fc1c149afbf4c8996fb92427ae41e4649b934ca495991b7852b855.css?body=1" for ::1 at 2016-03-14 13:40:43 -0400


Started GET "/assets/articles.self-877aef30ae1b040ab8a3aba4e3e309a11d7f2612f44dde450b5c157aa5f95c05.js?body=1" for ::1 at 2016-03-14 13:40:43 -0400


Started GET "/assets/turbolinks.self-c37727e9bd6b2735da5c311aa83fead54ed0be6cc8bd9a65309e9c5abe2cbfff.js?body=1" for ::1 at 2016-03-14 13:40:43 -0400


Started GET "/assets/application.self-3b8dabdc891efe46b9a144b400ad69e37d7e5876bdc39dee783419a69d7ca819.js?body=1" for ::1 at 2016-03-14 13:40:43 -0400


Started GET "/articles" for ::1 at 2016-03-14 13:40:46 -0400
Processing by ArticlesController#index as HTML
  [1m[36mArticle Load (0.2ms)[0m  [1mSELECT "articles".* FROM "articles"[0m
  Rendered articles/index.html.erb within layouts/application (1.8ms)
Completed 200 OK in 24ms (Views: 23.6ms | ActiveRecord: 0.2ms)


Started GET "/articles/new" for ::1 at 2016-03-14 13:40:49 -0400
Processing by ArticlesController#new as HTML
  Rendered articles/_form.html.erb (16.1ms)
  Rendered articles/new.html.erb within layouts/application (52.2ms)
Completed 500 Internal Server Error in 60ms (ActiveRecord: 0.0ms)

ActionView::Template::Error (First argument in form cannot contain nil or be empty):
    1: <%= form_for @character do |c| %>
    2: 
    3:   <%= c.label :title %>
    4:   <br>
  app/views/articles/_form.html.erb:1:in `_app_views_articles__form_html_erb__1677887424151944577_70148709020780'
  app/views/articles/new.html.erb:19:in `_app_views_articles_new_html_erb___2346834179464633387_70148717415000'


  Rendered /Users/jonathandavis/.rvm/gems/ruby-2.2.1/gems/actionpack-4.2.1/lib/action_dispatch/middleware/templates/rescues/_source.erb (10.2ms)
  Rendered /Users/jonathandavis/.rvm/gems/ruby-2.2.1/gems/actionpack-4.2.1/lib/action_dispatch/middleware/templates/rescues/_trace.html.erb (10.4ms)
  Rendered /Users/jonathandavis/.rvm/gems/ruby-2.2.1/gems/actionpack-4.2.1/lib/action_dispatch/middleware/templates/rescues/_request_and_response.html.erb (1.1ms)
  Rendered /Users/jonathandavis/.rvm/gems/ruby-2.2.1/gems/actionpack-4.2.1/lib/action_dispatch/middleware/templates/rescues/template_error.html.erb within rescues/layout (103.9ms)
  Rendered /Users/jonathandavis/.rvm/gems/ruby-2.2.1/gems/web-console-2.3.0/lib/web_console/templates/_markup.html.erb (0.8ms)
  Rendered /Users/jonathandavis/.rvm/gems/ruby-2.2.1/gems/web-console-2.3.0/lib/web_console/templates/_inner_console_markup.html.erb within layouts/inlined_string (0.4ms)
  Rendered /Users/jonathandavis/.rvm/gems/ruby-2.2.1/gems/web-console-2.3.0/lib/web_console/templates/_prompt_box_markup.html.erb within layouts/inlined_string (0.7ms)
  Rendered /Users/jonathandavis/.rvm/gems/ruby-2.2.1/gems/web-console-2.3.0/lib/web_console/templates/style.css.erb within layouts/inlined_string (0.4ms)
  Rendered /Users/jonathandavis/.rvm/gems/ruby-2.2.1/gems/web-console-2.3.0/lib/web_console/templates/console.js.erb within layouts/javascript (94.7ms)
  Rendered /Users/jonathandavis/.rvm/gems/ruby-2.2.1/gems/web-console-2.3.0/lib/web_console/templates/main.js.erb within layouts/javascript (0.5ms)
  Rendered /Users/jonathandavis/.rvm/gems/ruby-2.2.1/gems/web-console-2.3.0/lib/web_console/templates/error_page.js.erb within layouts/javascript (0.5ms)
  Rendered /Users/jonathandavis/.rvm/gems/ruby-2.2.1/gems/web-console-2.3.0/lib/web_console/templates/index.html.erb (211.2ms)


Started GET "/articles/new" for ::1 at 2016-03-14 13:40:50 -0400
Processing by ArticlesController#new as HTML
  Rendered articles/_form.html.erb (3.5ms)
  Rendered articles/new.html.erb within layouts/application (6.1ms)
Completed 500 Internal Server Error in 12ms (ActiveRecord: 0.0ms)

ActionView::Template::Error (First argument in form cannot contain nil or be empty):
    1: <%= form_for @character do |c| %>
    2: 
    3:   <%= c.label :title %>
    4:   <br>
  app/views/articles/_form.html.erb:1:in `_app_views_articles__form_html_erb__1677887424151944577_70148718712600'
  app/views/articles/new.html.erb:19:in `_app_views_articles_new_html_erb___2346834179464633387_70148718745320'


  Rendered /Users/jonathandavis/.rvm/gems/ruby-2.2.1/gems/actionpack-4.2.1/lib/action_dispatch/middleware/templates/rescues/_source.erb (8.5ms)
  Rendered /Users/jonathandavis/.rvm/gems/ruby-2.2.1/gems/actionpack-4.2.1/lib/action_dispatch/middleware/templates/rescues/_trace.html.erb (3.1ms)
  Rendered /Users/jonathandavis/.rvm/gems/ruby-2.2.1/gems/actionpack-4.2.1/lib/action_dispatch/middleware/templates/rescues/_request_and_response.html.erb (0.9ms)
  Rendered /Users/jonathandavis/.rvm/gems/ruby-2.2.1/gems/actionpack-4.2.1/lib/action_dispatch/middleware/templates/rescues/template_error.html.erb within rescues/layout (81.5ms)
  Rendered /Users/jonathandavis/.rvm/gems/ruby-2.2.1/gems/web-console-2.3.0/lib/web_console/templates/_markup.html.erb (0.5ms)
  Rendered /Users/jonathandavis/.rvm/gems/ruby-2.2.1/gems/web-console-2.3.0/lib/web_console/templates/_inner_console_markup.html.erb within layouts/inlined_string (0.3ms)
  Rendered /Users/jonathandavis/.rvm/gems/ruby-2.2.1/gems/web-console-2.3.0/lib/web_console/templates/_prompt_box_markup.html.erb within layouts/inlined_string (0.6ms)
  Rendered /Users/jonathandavis/.rvm/gems/ruby-2.2.1/gems/web-console-2.3.0/lib/web_console/templates/style.css.erb within layouts/inlined_string (0.3ms)
  Rendered /Users/jonathandavis/.rvm/gems/ruby-2.2.1/gems/web-console-2.3.0/lib/web_console/templates/console.js.erb within layouts/javascript (64.0ms)
  Rendered /Users/jonathandavis/.rvm/gems/ruby-2.2.1/gems/web-console-2.3.0/lib/web_console/templates/main.js.erb within layouts/javascript (0.4ms)
  Rendered /Users/jonathandavis/.rvm/gems/ruby-2.2.1/gems/web-console-2.3.0/lib/web_console/templates/error_page.js.erb within layouts/javascript (0.5ms)
  Rendered /Users/jonathandavis/.rvm/gems/ruby-2.2.1/gems/web-console-2.3.0/lib/web_console/templates/index.html.erb (146.5ms)


Started GET "/articles/new" for ::1 at 2016-03-14 13:42:00 -0400
Processing by ArticlesController#new as HTML
  Rendered articles/_form.html.erb (32.1ms)
  Rendered articles/new.html.erb within layouts/application (34.9ms)
Completed 200 OK in 57ms (Views: 56.4ms | ActiveRecord: 0.0ms)


Started GET "/assets/articles.self-e3b0c44298fc1c149afbf4c8996fb92427ae41e4649b934ca495991b7852b855.css?body=1" for ::1 at 2016-03-14 13:42:00 -0400


Started GET "/assets/turbolinks.self-c37727e9bd6b2735da5c311aa83fead54ed0be6cc8bd9a65309e9c5abe2cbfff.js?body=1" for ::1 at 2016-03-14 13:42:00 -0400


Started GET "/assets/application.self-e80e8f2318043e8af94dddc2adad5a4f09739a8ebb323b3ab31cd71d45fd9113.css?body=1" for ::1 at 2016-03-14 13:42:00 -0400


Started GET "/assets/jquery_ujs.self-e87806d0cf4489aeb1bb7288016024e8de67fd18db693fe026fe3907581e53cd.js?body=1" for ::1 at 2016-03-14 13:42:00 -0400


Started GET "/assets/articles.self-877aef30ae1b040ab8a3aba4e3e309a11d7f2612f44dde450b5c157aa5f95c05.js?body=1" for ::1 at 2016-03-14 13:42:00 -0400


Started GET "/assets/jquery.self-660adc51e0224b731d29f575a6f1ec167ba08ad06ed5deca4f1e8654c135bf4c.js?body=1" for ::1 at 2016-03-14 13:42:00 -0400


Started GET "/assets/application.self-3b8dabdc891efe46b9a144b400ad69e37d7e5876bdc39dee783419a69d7ca819.js?body=1" for ::1 at 2016-03-14 13:42:00 -0400


Started POST "/articles" for ::1 at 2016-03-14 13:42:10 -0400
Processing by ArticlesController#create as HTML
  Parameters: {"utf8"=>"✓", "authenticity_token"=>"V28WUzuzAbulxsnwzUMbg7tW/jWrsYv/Z1f8xwYkLKFc42hmASf6Wegbqyptqc7kKajlBjNuDrFMCYo5Zo0cHQ==", "article"=>{"title"=>"Title 2", "body"=>""}, "commit"=>"Create Article"}
  [1m[35m (0.1ms)[0m  begin transaction
  [1m[36m (0.1ms)[0m  [1mrollback transaction[0m
  Rendered articles/_form.html.erb (1.8ms)
  Rendered articles/new.html.erb within layouts/application (4.4ms)
Completed 200 OK in 28ms (Views: 24.1ms | ActiveRecord: 0.2ms)


Started POST "/articles" for ::1 at 2016-03-14 13:42:25 -0400
Processing by ArticlesController#create as HTML
  Parameters: {"utf8"=>"✓", "authenticity_token"=>"3xMhOU4GesaAlpfsLd5FvClGnH98nFhPB/zRFCM13B7Un18MdJKBJM1L9TaNNJDbu7iHTORD3QEsoqfqQ5zsog==", "article"=>{"title"=>"", "body"=>"Dummy text 2 blah"}, "commit"=>"Create Article"}
  [1m[35m (0.1ms)[0m  begin transaction
  [1m[36m (0.1ms)[0m  [1mrollback transaction[0m
  Rendered articles/_form.html.erb (1.8ms)
  Rendered articles/new.html.erb within layouts/application (5.3ms)
Completed 200 OK in 28ms (Views: 25.2ms | ActiveRecord: 0.2ms)


Started POST "/articles" for ::1 at 2016-03-14 13:42:33 -0400
Processing by ArticlesController#create as HTML
  Parameters: {"utf8"=>"✓", "authenticity_token"=>"l2aiacji9mHY5b1j9jZGk1omHLolvdtzwCvbteR3k9+c6txc8nYNg5U437lW3JP0yNgHib1iXj3rda1LhN6jYw==", "article"=>{"title"=>"Title 2", "body"=>"Dummy text 2 blah"}, "commit"=>"Create Article"}
  [1m[35m (0.1ms)[0m  begin transaction
  [1m[36mSQL (0.5ms)[0m  [1mINSERT INTO "articles" ("title", "body", "created_at", "updated_at") VALUES (?, ?, ?, ?)[0m  [["title", "Title 2"], ["body", "Dummy text 2 blah"], ["created_at", "2016-03-14 17:42:33.620640"], ["updated_at", "2016-03-14 17:42:33.620640"]]
  [1m[35m (81.3ms)[0m  commit transaction
Redirected to http://localhost:3000/articles/2
Completed 302 Found in 86ms (ActiveRecord: 81.8ms)


Started GET "/articles/2" for ::1 at 2016-03-14 13:42:33 -0400
Processing by ArticlesController#show as HTML
  Parameters: {"id"=>"2"}
  [1m[36mArticle Load (0.2ms)[0m  [1mSELECT  "articles".* FROM "articles" WHERE "articles"."id" = ? LIMIT 1[0m  [["id", 2]]
  Rendered articles/show.html.erb within layouts/application (0.3ms)
Completed 200 OK in 21ms (Views: 19.4ms | ActiveRecord: 0.2ms)


Started GET "/articles" for ::1 at 2016-03-14 13:42:43 -0400
Processing by ArticlesController#index as HTML
  [1m[35mArticle Load (0.2ms)[0m  SELECT "articles".* FROM "articles"
  Rendered articles/index.html.erb within layouts/application (1.9ms)
Completed 200 OK in 24ms (Views: 22.8ms | ActiveRecord: 0.2ms)


Started DELETE "/articles/2" for ::1 at 2016-03-14 13:42:47 -0400
Processing by ArticlesController#destroy as HTML
  Parameters: {"authenticity_token"=>"FXl2OzpXLaBXn8scFiwacTj81aSSzyRR2Xa8ET8r+Ese9QgOAMPWQhpCqca2xs8WqgLOlwoQoR/yKMrvX4LI9w==", "id"=>"2"}
  [1m[36mArticle Load (0.1ms)[0m  [1mSELECT  "articles".* FROM "articles" WHERE "articles"."id" = ? LIMIT 1[0m  [["id", 2]]
  [1m[35m (0.1ms)[0m  begin transaction
  [1m[36mSQL (0.3ms)[0m  [1mDELETE FROM "articles" WHERE "articles"."id" = ?[0m  [["id", 2]]
  [1m[35m (0.6ms)[0m  commit transaction
Redirected to http://localhost:3000/articles
Completed 302 Found in 3ms (ActiveRecord: 1.0ms)


Started GET "/articles" for ::1 at 2016-03-14 13:42:47 -0400
Processing by ArticlesController#index as HTML
  [1m[36mArticle Load (0.2ms)[0m  [1mSELECT "articles".* FROM "articles"[0m
  Rendered articles/index.html.erb within layouts/application (1.2ms)
Completed 200 OK in 24ms (Views: 23.2ms | ActiveRecord: 0.2ms)


Started GET "/articles/new" for ::1 at 2016-03-14 13:42:49 -0400
Processing by ArticlesController#new as HTML
  Rendered articles/_form.html.erb (3.3ms)
  Rendered articles/new.html.erb within layouts/application (6.5ms)
Completed 200 OK in 30ms (Views: 29.3ms | ActiveRecord: 0.0ms)


Started POST "/articles" for ::1 at 2016-03-14 13:42:56 -0400
Processing by ArticlesController#create as HTML
  Parameters: {"utf8"=>"✓", "authenticity_token"=>"hQ0CNLNaO6Vqh1/tdPijEJAwP5xQWW7T3dVrCUmtZUKOgXwBic7ARydaPTfUEnZ3As4kr8iG6532ix33KQRV/g==", "article"=>{"title"=>"Title 2", "body"=>"Dummy text 2 blah"}, "commit"=>"Create Article"}
  [1m[35m (0.1ms)[0m  begin transaction
  [1m[36mSQL (0.3ms)[0m  [1mINSERT INTO "articles" ("title", "body", "created_at", "updated_at") VALUES (?, ?, ?, ?)[0m  [["title", "Title 2"], ["body", "Dummy text 2 blah"], ["created_at", "2016-03-14 17:42:56.414052"], ["updated_at", "2016-03-14 17:42:56.414052"]]
  [1m[35m (0.9ms)[0m  commit transaction
Redirected to http://localhost:3000/articles/3
Completed 302 Found in 4ms (ActiveRecord: 1.3ms)


Started GET "/articles/3" for ::1 at 2016-03-14 13:42:56 -0400
Processing by ArticlesController#show as HTML
  Parameters: {"id"=>"3"}
  [1m[36mArticle Load (0.1ms)[0m  [1mSELECT  "articles".* FROM "articles" WHERE "articles"."id" = ? LIMIT 1[0m  [["id", 3]]
  Rendered articles/show.html.erb within layouts/application (0.4ms)
Completed 200 OK in 21ms (Views: 19.5ms | ActiveRecord: 0.1ms)


Started GET "/articles" for ::1 at 2016-03-14 13:42:57 -0400
Processing by ArticlesController#index as HTML
  [1m[35mArticle Load (0.2ms)[0m  SELECT "articles".* FROM "articles"
  Rendered articles/index.html.erb within layouts/application (1.3ms)
Completed 200 OK in 40ms (Views: 39.4ms | ActiveRecord: 0.2ms)


Started GET "/articles/1/edit" for ::1 at 2016-03-14 13:42:59 -0400
Processing by ArticlesController#edit as HTML
  Parameters: {"id"=>"1"}
  [1m[36mArticle Load (0.1ms)[0m  [1mSELECT  "articles".* FROM "articles" WHERE "articles"."id" = ? LIMIT 1[0m  [["id", 1]]
  Rendered articles/_form.html.erb (1.8ms)
  Rendered articles/edit.html.erb within layouts/application (5.5ms)
Completed 200 OK in 30ms (Views: 28.1ms | ActiveRecord: 0.1ms)


Started PATCH "/articles/1" for ::1 at 2016-03-14 13:43:02 -0400
Processing by ArticlesController#update as HTML
  Parameters: {"utf8"=>"✓", "authenticity_token"=>"1t+WuxEZTtkMH6CM4yN7LdJdxR6Zcl6XrFHEX3FxxhvdU+iOK421O0HCwlZDya5KQKPeLQGt29mHD7KhEdj2pw==", "article"=>{"title"=>"", "body"=>"Dummy text 1 blah"}, "commit"=>"Update Article", "id"=>"1"}
  [1m[35mArticle Load (0.1ms)[0m  SELECT  "articles".* FROM "articles" WHERE "articles"."id" = ? LIMIT 1  [["id", 1]]
  [1m[36m (0.1ms)[0m  [1mbegin transaction[0m
  [1m[35m (0.1ms)[0m  rollback transaction
  Rendered articles/_form.html.erb (1.8ms)
  Rendered articles/edit.html.erb within layouts/application (4.9ms)
Completed 200 OK in 30ms (Views: 25.8ms | ActiveRecord: 0.3ms)


Started PATCH "/articles/1" for ::1 at 2016-03-14 13:43:08 -0400
Processing by ArticlesController#update as HTML
  Parameters: {"utf8"=>"✓", "authenticity_token"=>"K4z8fkDrLyZiduqTJfw0o7vKEp2hPXMG6rJLZ8JK3CAgAIJLen/UxC+riEmFFuHEKTQJrjni9kjB7D2ZouPsnA==", "article"=>{"title"=>"Title 1", "body"=>"Dummy text 1 blah"}, "commit"=>"Update Article", "id"=>"1"}
  [1m[36mArticle Load (0.1ms)[0m  [1mSELECT  "articles".* FROM "articles" WHERE "articles"."id" = ? LIMIT 1[0m  [["id", 1]]
  [1m[35m (0.1ms)[0m  begin transaction
  [1m[36m (0.0ms)[0m  [1mcommit transaction[0m
Redirected to http://localhost:3000/articles/1
Completed 302 Found in 3ms (ActiveRecord: 0.2ms)


Started GET "/articles/1" for ::1 at 2016-03-14 13:43:08 -0400
Processing by ArticlesController#show as HTML
  Parameters: {"id"=>"1"}
  [1m[35mArticle Load (0.1ms)[0m  SELECT  "articles".* FROM "articles" WHERE "articles"."id" = ? LIMIT 1  [["id", 1]]
  Rendered articles/show.html.erb within layouts/application (0.3ms)
Completed 200 OK in 21ms (Views: 20.4ms | ActiveRecord: 0.1ms)


Started GET "/articles" for ::1 at 2016-03-14 13:43:11 -0400
Processing by ArticlesController#index as HTML
  [1m[36mArticle Load (0.2ms)[0m  [1mSELECT "articles".* FROM "articles"[0m
  Rendered articles/index.html.erb within layouts/application (1.5ms)
Completed 200 OK in 23ms (Views: 22.6ms | ActiveRecord: 0.2ms)


Started GET "/articles/new" for ::1 at 2016-03-14 13:43:13 -0400
Processing by ArticlesController#new as HTML
  Rendered articles/_form.html.erb (1.6ms)
  Rendered articles/new.html.erb within layouts/application (4.3ms)
Completed 200 OK in 26ms (Views: 25.3ms | ActiveRecord: 0.0ms)


Started POST "/articles" for ::1 at 2016-03-14 13:43:27 -0400
Processing by ArticlesController#create as HTML
  Parameters: {"utf8"=>"✓", "authenticity_token"=>"M3qvlp/NHmIAwhF3fkfAPhMSP+BZesHW3CC1lpLYG7U49tGjpVnlgE0fc63erRVZgewk08GlRJj3fsNo8nErCQ==", "article"=>{"title"=>"Title 3", "body"=>"Dummy text 3 blah"}, "commit"=>"Create Article"}
  [1m[35m (0.1ms)[0m  begin transaction
  [1m[36mSQL (0.3ms)[0m  [1mINSERT INTO "articles" ("title", "body", "created_at", "updated_at") VALUES (?, ?, ?, ?)[0m  [["title", "Title 3"], ["body", "Dummy text 3 blah"], ["created_at", "2016-03-14 17:43:27.459060"], ["updated_at", "2016-03-14 17:43:27.459060"]]
  [1m[35m (0.9ms)[0m  commit transaction
Redirected to http://localhost:3000/articles/4
Completed 302 Found in 4ms (ActiveRecord: 1.2ms)


Started GET "/articles/4" for ::1 at 2016-03-14 13:43:27 -0400
Processing by ArticlesController#show as HTML
  Parameters: {"id"=>"4"}
  [1m[36mArticle Load (0.1ms)[0m  [1mSELECT  "articles".* FROM "articles" WHERE "articles"."id" = ? LIMIT 1[0m  [["id", 4]]
  Rendered articles/show.html.erb within layouts/application (0.5ms)
Completed 200 OK in 22ms (Views: 20.6ms | ActiveRecord: 0.1ms)


Started GET "/articles/new" for ::1 at 2016-03-14 13:43:28 -0400
Processing by ArticlesController#new as HTML
  Rendered articles/_form.html.erb (2.0ms)
  Rendered articles/new.html.erb within layouts/application (5.4ms)
Completed 200 OK in 40ms (Views: 39.0ms | ActiveRecord: 0.0ms)


Started POST "/articles" for ::1 at 2016-03-14 13:43:40 -0400
Processing by ArticlesController#create as HTML
  Parameters: {"utf8"=>"✓", "authenticity_token"=>"2ag6sWRzWZ/o8gquzpK9OTZwuq5UApzwDKu2XE6hdQDSJESEXueifaUvaHRueGhepI6hnczdGb4n9cCiLghFvA==", "article"=>{"title"=>"Title 4", "body"=>"Dummy text 4 blah"}, "commit"=>"Create Article"}
  [1m[35m (0.1ms)[0m  begin transaction
  [1m[36mSQL (0.3ms)[0m  [1mINSERT INTO "articles" ("title", "body", "created_at", "updated_at") VALUES (?, ?, ?, ?)[0m  [["title", "Title 4"], ["body", "Dummy text 4 blah"], ["created_at", "2016-03-14 17:43:40.084982"], ["updated_at", "2016-03-14 17:43:40.084982"]]
  [1m[35m (0.7ms)[0m  commit transaction
Redirected to http://localhost:3000/articles/5
Completed 302 Found in 5ms (ActiveRecord: 1.2ms)


Started GET "/articles/5" for ::1 at 2016-03-14 13:43:40 -0400
Processing by ArticlesController#show as HTML
  Parameters: {"id"=>"5"}
  [1m[36mArticle Load (0.1ms)[0m  [1mSELECT  "articles".* FROM "articles" WHERE "articles"."id" = ? LIMIT 1[0m  [["id", 5]]
  Rendered articles/show.html.erb within layouts/application (0.3ms)
Completed 200 OK in 23ms (Views: 22.3ms | ActiveRecord: 0.1ms)


Started GET "/articles/new" for ::1 at 2016-03-14 13:43:41 -0400
Processing by ArticlesController#new as HTML
  Rendered articles/_form.html.erb (1.9ms)
  Rendered articles/new.html.erb within layouts/application (4.7ms)
Completed 200 OK in 26ms (Views: 25.3ms | ActiveRecord: 0.0ms)


Started POST "/articles" for ::1 at 2016-03-14 13:43:55 -0400
Processing by ArticlesController#create as HTML
  Parameters: {"utf8"=>"✓", "authenticity_token"=>"ZCssUVHWDbEx85cjJ+K0CKkuga8/ccau06Dv0lzkDOpvp1Jka0L2U3wu9fmHCGFvO9CanKeuQ+D4/pksPE08Vg==", "article"=>{"title"=>"Title 5", "body"=>"Dummy text 5 blah"}, "commit"=>"Create Article"}
  [1m[35m (0.1ms)[0m  begin transaction
  [1m[36mSQL (0.3ms)[0m  [1mINSERT INTO "articles" ("title", "body", "created_at", "updated_at") VALUES (?, ?, ?, ?)[0m  [["title", "Title 5"], ["body", "Dummy text 5 blah"], ["created_at", "2016-03-14 17:43:55.548255"], ["updated_at", "2016-03-14 17:43:55.548255"]]
  [1m[35m (1.0ms)[0m  commit transaction
Redirected to http://localhost:3000/articles/6
Completed 302 Found in 5ms (ActiveRecord: 1.4ms)


Started GET "/articles/6" for ::1 at 2016-03-14 13:43:55 -0400
Processing by ArticlesController#show as HTML
  Parameters: {"id"=>"6"}
  [1m[36mArticle Load (0.1ms)[0m  [1mSELECT  "articles".* FROM "articles" WHERE "articles"."id" = ? LIMIT 1[0m  [["id", 6]]
  Rendered articles/show.html.erb within layouts/application (0.3ms)
Completed 200 OK in 20ms (Views: 18.2ms | ActiveRecord: 0.1ms)


Started GET "/articles" for ::1 at 2016-03-14 13:43:56 -0400
Processing by ArticlesController#index as HTML
  [1m[35mArticle Load (0.2ms)[0m  SELECT "articles".* FROM "articles"
  Rendered articles/index.html.erb within layouts/application (1.8ms)
Completed 200 OK in 28ms (Views: 27.3ms | ActiveRecord: 0.2ms)
  [1m[36mActiveRecord::SchemaMigration Load (0.1ms)[0m  [1mSELECT "schema_migrations".* FROM "schema_migrations"[0m
  [1m[36mActiveRecord::SchemaMigration Load (0.1ms)[0m  [1mSELECT "schema_migrations".* FROM "schema_migrations"[0m
  [1m[35m (0.3ms)[0m  begin transaction
  [1m[36mSQL (0.9ms)[0m  [1mINSERT INTO "articles" ("id", "title", "body", "created_at", "updated_at") VALUES (?, ?, ?, ?, ?)[0m  [["id", 1], ["title", "Title 1"], ["body", "Dummy text 1 blah"], ["created_at", "2016-03-14 17:47:20.366915"], ["updated_at", "2016-03-14 17:47:20.366915"]]
SQLite3::ConstraintException: UNIQUE constraint failed: articles.id: INSERT INTO "articles" ("id", "title", "body", "created_at", "updated_at") VALUES (?, ?, ?, ?, ?)
  [1m[35m (0.1ms)[0m  rollback transaction
  [1m[36mActiveRecord::SchemaMigration Load (0.1ms)[0m  [1mSELECT "schema_migrations".* FROM "schema_migrations"[0m
  [1m[35m (0.1ms)[0m  begin transaction
  [1m[36mSQL (0.9ms)[0m  [1mINSERT INTO "articles" ("id", "title", "body", "created_at", "updated_at") VALUES (?, ?, ?, ?, ?)[0m  [["id", 1], ["title", "Title 1"], ["body", "Dummy text 1 blah"], ["created_at", "2016-03-14 17:47:40.765373"], ["updated_at", "2016-03-14 17:47:40.765373"]]
SQLite3::ConstraintException: UNIQUE constraint failed: articles.id: INSERT INTO "articles" ("id", "title", "body", "created_at", "updated_at") VALUES (?, ?, ?, ?, ?)
  [1m[35m (0.1ms)[0m  rollback transaction
  [1m[36mActiveRecord::SchemaMigration Load (0.1ms)[0m  [1mSELECT "schema_migrations".* FROM "schema_migrations"[0m
  [1m[35m (0.1ms)[0m  begin transaction
  [1m[36m (0.1ms)[0m  [1mrollback transaction[0m
  [1m[36mActiveRecord::SchemaMigration Load (0.1ms)[0m  [1mSELECT "schema_migrations".* FROM "schema_migrations"[0m
  [1m[35m (0.1ms)[0m  begin transaction
  [1m[36m (0.1ms)[0m  [1mrollback transaction[0m
